CONFIG 2024-07-17 16:43:23,168 [main][Log4J2Logger.java:215] : Logging policy: Log4J2
CONFIG 2024-07-17 16:43:23,306 [main][Log4J2Logger.java:189] : Factory implementations for category GridCoverageFactory:
  org.geotools.coverage.grid.GridCoverageFactory
CONFIG 2024-07-17 16:43:23,595 [main][Log4J2Logger.java:189] : Factory implementations for category FilterFactory:
  org.geotools.filter.FilterFactoryImpl
CONFIG 2024-07-17 16:43:23,619 [main][Log4J2Logger.java:189] : Factory implementations for category StyleFactory:
  org.geotools.styling.StyleFactoryImpl
CONFIG 2024-07-17 16:43:23,625 [main][Log4J2Logger.java:189] : Factory implementations for category FeatureFactory:
  org.geotools.feature.LenientFeatureFactoryImpl
  org.geotools.feature.ValidatingFeatureFactoryImpl
DEBUG 2024-07-17 16:43:23,993 [main][Log4J2Logger.java:220] : Extension lookup 'XStreamPersisterInitializer', prior to bean geoserverExtensions initialisation.
DEBUG 2024-07-17 16:43:23,994 [main][Log4J2Logger.java:220] : Extension lookup 'ExtensionFilter', prior to bean geoserverExtensions initialisation.
DEBUG 2024-07-17 16:43:23,996 [main][Log4J2Logger.java:220] : Extension lookup 'ExtensionProvider', but provided ApplicationContext is unset.
DEBUG 2024-07-17 16:43:23,996 [main][Log4J2Logger.java:220] : Extension lookup 'ExtensionFilter', but provided ApplicationContext is unset.
DEBUG 2024-07-17 16:43:24,028 [main][Log4J2Logger.java:220] : CONFIGURING GEOSERVER LOGGING -------------------------
CONFIG 2024-07-17 16:46:24,385 [main][Log4J2Logger.java:215] : Logging policy: Log4J2
CONFIG 2024-07-17 16:46:24,590 [main][Log4J2Logger.java:189] : Factory implementations for category GridCoverageFactory:
  org.geotools.coverage.grid.GridCoverageFactory
CONFIG 2024-07-17 16:46:24,920 [main][Log4J2Logger.java:189] : Factory implementations for category FilterFactory:
  org.geotools.filter.FilterFactoryImpl
CONFIG 2024-07-17 16:46:24,943 [main][Log4J2Logger.java:189] : Factory implementations for category StyleFactory:
  org.geotools.styling.StyleFactoryImpl
CONFIG 2024-07-17 16:46:24,951 [main][Log4J2Logger.java:189] : Factory implementations for category FeatureFactory:
  org.geotools.feature.LenientFeatureFactoryImpl
  org.geotools.feature.ValidatingFeatureFactoryImpl
DEBUG 2024-07-17 16:46:25,353 [main][Log4J2Logger.java:220] : Extension lookup 'XStreamPersisterInitializer', prior to bean geoserverExtensions initialisation.
DEBUG 2024-07-17 16:46:25,354 [main][Log4J2Logger.java:220] : Extension lookup 'ExtensionFilter', prior to bean geoserverExtensions initialisation.
DEBUG 2024-07-17 16:46:25,357 [main][Log4J2Logger.java:220] : Extension lookup 'ExtensionProvider', but provided ApplicationContext is unset.
DEBUG 2024-07-17 16:46:25,357 [main][Log4J2Logger.java:220] : Extension lookup 'ExtensionFilter', but provided ApplicationContext is unset.
DEBUG 2024-07-17 16:46:25,386 [main][Log4J2Logger.java:220] : CONFIGURING GEOSERVER LOGGING -------------------------
